<?xml version="1.0" encoding="utf-8"?><testsuites name="pytest tests"><testsuite name="pytest" errors="0" failures="0" skipped="0" tests="39" time="6.543" timestamp="2026-06-29T18:40:27.317895+00:00" hostname="agent-env-e8673ad9-0d2e-4009-aa9b-4b19b321e102"><testcase classname="tests.test_tani_journal" name="test_root" time="0.221" /><testcase classname="tests.test_tani_journal" name="test_register_user_a" time="0.344" /><testcase classname="tests.test_tani_journal" name="test_register_user_b" time="0.337" /><testcase classname="tests.test_tani_journal" name="test_register_duplicate_email" time="0.122" /><testcase classname="tests.test_tani_journal" name="test_login_valid" time="0.331" /><testcase classname="tests.test_tani_journal" name="test_login_invalid_password" time="0.336" /><testcase classname="tests.test_tani_journal" name="test_login_unknown_email" time="0.135" /><testcase classname="tests.test_tani_journal" name="test_me_requires_auth" time="0.101" /><testcase classname="tests.test_tani_journal" name="test_me_with_token" time="0.105" /><testcase classname="tests.test_tani_journal" name="test_heartbeat_updates_last_seen" time="0.222" /><testcase classname="tests.test_tani_journal" name="test_google_missing_session_id" time="0.101" /><testcase classname="tests.test_tani_journal" name="test_get_user_profile" time="0.100" /><testcase classname="tests.test_tani_journal" name="test_get_user_unknown" time="0.122" /><testcase classname="tests.test_tani_journal" name="test_update_me" time="0.233" /><testcase classname="tests.test_tani_journal" name="test_create_public_post" time="0.138" /><testcase classname="tests.test_tani_journal" name="test_create_post_requires_auth" time="0.106" /><testcase classname="tests.test_tani_journal" name="test_list_posts_public_only" time="0.107" /><testcase classname="tests.test_tani_journal" name="test_list_posts_search" time="0.108" /><testcase classname="tests.test_tani_journal" name="test_list_posts_tag_filter" time="0.103" /><testcase classname="tests.test_tani_journal" name="test_list_posts_author_filter" time="0.106" /><testcase classname="tests.test_tani_journal" name="test_popular_tags" time="0.104" /><testcase classname="tests.test_tani_journal" name="test_get_public_post_anonymously" time="0.113" /><testcase classname="tests.test_tani_journal" name="test_create_private_post" time="0.103" /><testcase classname="tests.test_tani_journal" name="test_private_post_hidden_from_anonymous" time="0.125" /><testcase classname="tests.test_tani_journal" name="test_private_post_hidden_from_other_user" time="0.146" /><testcase classname="tests.test_tani_journal" name="test_private_post_visible_to_author" time="0.132" /><testcase classname="tests.test_tani_journal" name="test_private_post_not_in_public_list" time="0.109" /><testcase classname="tests.test_tani_journal" name="test_list_mine_includes_private" time="0.106" /><testcase classname="tests.test_tani_journal" name="test_list_mine_requires_auth" time="0.106" /><testcase classname="tests.test_tani_journal" name="test_update_own_post" time="0.157" /><testcase classname="tests.test_tani_journal" name="test_update_others_post_forbidden" time="0.104" /><testcase classname="tests.test_tani_journal" name="test_create_comment" time="0.125" /><testcase classname="tests.test_tani_journal" name="test_list_comments" time="0.120" /><testcase classname="tests.test_tani_journal" name="test_delete_others_comment_forbidden" time="0.156" /><testcase classname="tests.test_tani_journal" name="test_delete_own_comment" time="0.112" /><testcase classname="tests.test_tani_journal" name="test_create_report" time="0.126" /><testcase classname="tests.test_tani_journal" name="test_create_report_invalid_target_type" time="0.110" /><testcase classname="tests.test_tani_journal" name="test_delete_others_post_forbidden" time="0.115" /><testcase classname="tests.test_tani_journal" name="test_delete_own_posts" time="0.349" /></testsuite></testsuites>